0 info it worked if it ends with ok
1 verbose cli [ 'node', '/usr/local/bin/npm', 'i', 'eslint@next', '--save-dev' ]
2 info using npm@2.11.3
3 info using node@v0.12.7
4 verbose install initial load of /Users/henry/WebstormProjects/RenRen_React/package.json
5 verbose installManyTop reading scoped package data from /Users/henry/WebstormProjects/RenRen_React/node_modules/autoprefixer-core/package.json
6 verbose installManyTop reading scoped package data from /Users/henry/WebstormProjects/RenRen_React/node_modules/babel/package.json
7 verbose installManyTop reading scoped package data from /Users/henry/WebstormProjects/RenRen_React/node_modules/babel-core/package.json
8 verbose installManyTop reading scoped package data from /Users/henry/WebstormProjects/RenRen_React/node_modules/babel-eslint/package.json
9 verbose installManyTop reading scoped package data from /Users/henry/WebstormProjects/RenRen_React/node_modules/babel-loader/package.json
10 verbose installManyTop reading scoped package data from /Users/henry/WebstormProjects/RenRen_React/node_modules/browser-sync/package.json
11 verbose installManyTop reading scoped package data from /Users/henry/WebstormProjects/RenRen_React/node_modules/classnames/package.json
12 verbose installManyTop reading scoped package data from /Users/henry/WebstormProjects/RenRen_React/node_modules/css-loader/package.json
13 verbose installManyTop reading scoped package data from /Users/henry/WebstormProjects/RenRen_React/node_modules/csscomb/package.json
14 verbose installManyTop reading scoped package data from /Users/henry/WebstormProjects/RenRen_React/node_modules/del/package.json
15 verbose installManyTop reading scoped package data from /Users/henry/WebstormProjects/RenRen_React/node_modules/eslint/package.json
16 verbose installManyTop reading scoped package data from /Users/henry/WebstormProjects/RenRen_React/node_modules/eslint-loader/package.json
17 verbose installManyTop reading scoped package data from /Users/henry/WebstormProjects/RenRen_React/node_modules/eslint-plugin-react/package.json
18 verbose installManyTop reading scoped package data from /Users/henry/WebstormProjects/RenRen_React/node_modules/eventemitter3/package.json
19 verbose installManyTop reading scoped package data from /Users/henry/WebstormProjects/RenRen_React/node_modules/express/package.json
20 verbose installManyTop reading scoped package data from /Users/henry/WebstormProjects/RenRen_React/node_modules/fastclick/package.json
21 verbose installManyTop reading scoped package data from /Users/henry/WebstormProjects/RenRen_React/node_modules/file-loader/package.json
22 verbose installManyTop reading scoped package data from /Users/henry/WebstormProjects/RenRen_React/node_modules/flux/package.json
23 verbose installManyTop reading scoped package data from /Users/henry/WebstormProjects/RenRen_React/node_modules/front-matter/package.json
24 verbose installManyTop reading scoped package data from /Users/henry/WebstormProjects/RenRen_React/node_modules/git-push/package.json
25 verbose installManyTop reading scoped package data from /Users/henry/WebstormProjects/RenRen_React/node_modules/gulp/package.json
26 verbose installManyTop reading scoped package data from /Users/henry/WebstormProjects/RenRen_React/node_modules/gulp-changed/package.json
27 verbose installManyTop reading scoped package data from /Users/henry/WebstormProjects/RenRen_React/node_modules/gulp-if/package.json
28 verbose installManyTop reading scoped package data from /Users/henry/WebstormProjects/RenRen_React/node_modules/gulp-load-plugins/package.json
29 verbose installManyTop reading scoped package data from /Users/henry/WebstormProjects/RenRen_React/node_modules/gulp-rename/package.json
30 verbose installManyTop reading scoped package data from /Users/henry/WebstormProjects/RenRen_React/node_modules/gulp-size/package.json
31 verbose installManyTop reading scoped package data from /Users/henry/WebstormProjects/RenRen_React/node_modules/gulp-util/package.json
32 verbose installManyTop reading scoped package data from /Users/henry/WebstormProjects/RenRen_React/node_modules/jade/package.json
33 verbose installManyTop reading scoped package data from /Users/henry/WebstormProjects/RenRen_React/node_modules/jest-cli/package.json
34 verbose installManyTop reading scoped package data from /Users/henry/WebstormProjects/RenRen_React/node_modules/less/package.json
35 verbose installManyTop reading scoped package data from /Users/henry/WebstormProjects/RenRen_React/node_modules/less-loader/package.json
36 verbose installManyTop reading scoped package data from /Users/henry/WebstormProjects/RenRen_React/node_modules/lodash/package.json
37 verbose installManyTop reading scoped package data from /Users/henry/WebstormProjects/RenRen_React/node_modules/minimist/package.json
38 verbose installManyTop reading scoped package data from /Users/henry/WebstormProjects/RenRen_React/node_modules/mkdirp/package.json
39 verbose installManyTop reading scoped package data from /Users/henry/WebstormProjects/RenRen_React/node_modules/node-libs-browser/package.json
40 verbose installManyTop reading scoped package data from /Users/henry/WebstormProjects/RenRen_React/node_modules/normalize.css/package.json
41 verbose installManyTop reading scoped package data from /Users/henry/WebstormProjects/RenRen_React/node_modules/path/package.json
42 verbose installManyTop reading scoped package data from /Users/henry/WebstormProjects/RenRen_React/node_modules/postcss/package.json
43 verbose installManyTop reading scoped package data from /Users/henry/WebstormProjects/RenRen_React/node_modules/postcss-loader/package.json
44 verbose installManyTop reading scoped package data from /Users/henry/WebstormProjects/RenRen_React/node_modules/psi/package.json
45 verbose installManyTop reading scoped package data from /Users/henry/WebstormProjects/RenRen_React/node_modules/react/package.json
46 verbose installManyTop reading scoped package data from /Users/henry/WebstormProjects/RenRen_React/node_modules/run-sequence/package.json
47 verbose installManyTop reading scoped package data from /Users/henry/WebstormProjects/RenRen_React/node_modules/source-map-support/package.json
48 verbose installManyTop reading scoped package data from /Users/henry/WebstormProjects/RenRen_React/node_modules/style-loader/package.json
49 verbose installManyTop reading scoped package data from /Users/henry/WebstormProjects/RenRen_React/node_modules/superagent/package.json
50 verbose installManyTop reading scoped package data from /Users/henry/WebstormProjects/RenRen_React/node_modules/url-loader/package.json
51 verbose installManyTop reading scoped package data from /Users/henry/WebstormProjects/RenRen_React/node_modules/webpack/package.json
52 info package.json csscomb@3.1.8 No license field.
53 info package.json fastclick@1.0.6 No license field.
54 info package.json git-push@0.1.1 No license field.
55 info package.json gulp-rename@1.2.2 No license field.
56 info package.json gulp-if@1.2.5 No license field.
57 info package.json jest-cli@0.4.15 license should be a valid SPDX license expression
58 info package.json less-loader@2.2.0 No license field.
59 info package.json superagent@1.2.0 No license field.
60 info package.json flux@2.0.3 license should be a valid SPDX license expression
61 info package.json path@0.11.14 path is also the name of a node core module.
62 verbose readDependencies loading dependencies from /Users/henry/WebstormProjects/RenRen_React/package.json
63 silly cache add args [ 'eslint@next', null ]
64 verbose cache add spec eslint@next
65 silly cache add parsed spec { raw: 'eslint@next',
65 silly cache add   scope: null,
65 silly cache add   name: 'eslint',
65 silly cache add   rawSpec: 'next',
65 silly cache add   spec: 'next',
65 silly cache add   type: 'tag' }
66 silly addNamed eslint@next
67 verbose addNamed "next" is being treated as a dist-tag for eslint
68 info addNameTag [ 'eslint', 'next' ]
69 silly mapToRegistry name eslint
70 silly mapToRegistry using default registry
71 silly mapToRegistry registry https://registry.npm.taobao.org/
72 silly mapToRegistry uri https://registry.npm.taobao.org/eslint
73 verbose addNameTag registry:https://registry.npm.taobao.org/eslint not in flight; fetching
74 verbose request uri https://registry.npm.taobao.org/eslint
75 verbose request no auth needed
76 info attempt registry request try #1 at 21:14:33
77 verbose request id ab85d04abefe7905
78 verbose etag "1436999265000"
79 http request GET https://registry.npm.taobao.org/eslint
80 http 304 https://registry.npm.taobao.org/eslint
81 silly get cb [ 304,
81 silly get   { server: 'nginx/1.1.19',
81 silly get     date: 'Tue, 21 Jul 2015 13:14:34 GMT',
81 silly get     connection: 'keep-alive',
81 silly get     etag: '"1436999265000"',
81 silly get     'x-readtime': '210' } ]
82 verbose etag https://registry.npm.taobao.org/eslint from cache
83 verbose get saving eslint to /Users/henry/.npm/registry.npm.taobao.org/eslint/.cache.json
84 silly addNameTag next cb for eslint with tag next
85 verbose stack Error: No compatible version found: eslint@'next'
85 verbose stack Valid install targets:
85 verbose stack ["1.0.0-rc-1","0.24.1","0.24.0","0.23.0","0.22.1","0.22.0","0.21.2","0.21.1","0.21.0","0.20.0","0.19.0","0.18.0","0.17.1","0.17.0","0.16.2","0.16.1","0.16.0","0.15.1","0.15.0","0.14.1","0.14.0","0.13.0","0.12.0","0.11.0","0.10.2","0.10.1","0.11.0-alpha.0","0.10.0","0.10.0-alpha.2","0.10.0-alpha.1","0.10.0-alpha","0.9.2","0.9.1","0.9.0","0.8.2","0.8.1","0.8.0","0.7.4","0.7.3","0.7.2","0.7.1","0.6.2","0.6.1","0.6.0","0.5.1","0.5.0","0.4.5","0.4.4","0.4.3","0.4.2","0.4.1","0.4.0","0.3.0","0.2.0","0.1.4","0.1.3","0.1.2","0.1.1","0.1.0","0.1.0-dev","0.0.7","0.0.6","0.0.5","0.0.4"]
85 verbose stack
85 verbose stack     at installTargetsError (/usr/local/lib/node_modules/npm/lib/cache/add-named.js:274:12)
85 verbose stack     at next (/usr/local/lib/node_modules/npm/lib/cache/add-named.js:94:10)
85 verbose stack     at RES (/usr/local/lib/node_modules/npm/node_modules/inflight/inflight.js:23:14)
85 verbose stack     at f (/usr/local/lib/node_modules/npm/node_modules/once/once.js:17:25)
85 verbose stack     at fixName (/usr/local/lib/node_modules/npm/lib/cache/add-named.js:29:5)
85 verbose stack     at saved (/usr/local/lib/node_modules/npm/lib/cache/caching-client.js:173:7)
85 verbose stack     at FSReqWrap.oncomplete (fs.js:95:15)
86 verbose cwd /Users/henry/WebstormProjects/RenRen_React
87 error Darwin 13.2.0
88 error argv "node" "/usr/local/bin/npm" "i" "eslint@next" "--save-dev"
89 error node v0.12.7
90 error npm  v2.11.3
91 error code ETARGET
92 error notarget No compatible version found: eslint@'next'
92 error notarget Valid install targets:
92 error notarget ["1.0.0-rc-1","0.24.1","0.24.0","0.23.0","0.22.1","0.22.0","0.21.2","0.21.1","0.21.0","0.20.0","0.19.0","0.18.0","0.17.1","0.17.0","0.16.2","0.16.1","0.16.0","0.15.1","0.15.0","0.14.1","0.14.0","0.13.0","0.12.0","0.11.0","0.10.2","0.10.1","0.11.0-alpha.0","0.10.0","0.10.0-alpha.2","0.10.0-alpha.1","0.10.0-alpha","0.9.2","0.9.1","0.9.0","0.8.2","0.8.1","0.8.0","0.7.4","0.7.3","0.7.2","0.7.1","0.6.2","0.6.1","0.6.0","0.5.1","0.5.0","0.4.5","0.4.4","0.4.3","0.4.2","0.4.1","0.4.0","0.3.0","0.2.0","0.1.4","0.1.3","0.1.2","0.1.1","0.1.0","0.1.0-dev","0.0.7","0.0.6","0.0.5","0.0.4"]
92 error notarget
92 error notarget This is most likely not a problem with npm itself.
92 error notarget In most cases you or one of your dependencies are requesting
92 error notarget a package version that doesn't exist.
93 verbose exit [ 1, true ]
